<?xml version="1.0" encoding="UTF-8"?>
<testng-results skipped="0" failed="0" total="2" passed="2">
  <reporter-output>
  </reporter-output>
  <suite name="suite1" duration-ms="14" started-at="2015-04-19T19:57:24Z" finished-at="2015-04-19T19:57:24Z">
    <groups>
    </groups>
    <test name="test" duration-ms="14" started-at="2015-04-19T19:57:24Z" finished-at="2015-04-19T19:57:24Z">
      <class name="ATH.ATHDemo.Maventest">
        <test-method status="PASS" signature="beforeSuite()" name="beforeSuite" is-config="true" duration-ms="12" started-at="2015-04-19T19:57:24Z" finished-at="2015-04-19T19:57:24Z">
        </test-method>
        <test-method status="PASS" signature="beforeTest()" name="beforeTest" is-config="true" duration-ms="1" started-at="2015-04-19T19:57:24Z" finished-at="2015-04-19T19:57:24Z">
        </test-method>
        <test-method status="PASS" signature="beforeClass()" name="beforeClass" is-config="true" duration-ms="1" started-at="2015-04-19T19:57:24Z" finished-at="2015-04-19T19:57:24Z">
        </test-method>
        <test-method status="PASS" signature="login()" name="login" duration-ms="1" started-at="2015-04-19T19:57:24Z" finished-at="2015-04-19T19:57:24Z">
        </test-method>
        <test-method status="PASS" signature="beforeMethod()" name="beforeMethod" is-config="true" duration-ms="0" started-at="2015-04-19T19:57:24Z" finished-at="2015-04-19T19:57:24Z">
        </test-method>
        <test-method status="PASS" signature="afterMethod()" name="afterMethod" is-config="true" duration-ms="1" started-at="2015-04-19T19:57:24Z" finished-at="2015-04-19T19:57:24Z">
        </test-method>
        <test-method status="PASS" signature="logout()" name="logout" duration-ms="0" started-at="2015-04-19T19:57:24Z" finished-at="2015-04-19T19:57:24Z">
        </test-method>
        <test-method status="PASS" signature="beforeMethod()" name="beforeMethod" is-config="true" duration-ms="0" started-at="2015-04-19T19:57:24Z" finished-at="2015-04-19T19:57:24Z">
        </test-method>
        <test-method status="PASS" signature="afterClass()" name="afterClass" is-config="true" duration-ms="0" started-at="2015-04-19T19:57:24Z" finished-at="2015-04-19T19:57:24Z">
        </test-method>
        <test-method status="PASS" signature="afterMethod()" name="afterMethod" is-config="true" duration-ms="0" started-at="2015-04-19T19:57:24Z" finished-at="2015-04-19T19:57:24Z">
        </test-method>
        <test-method status="PASS" signature="afterTest()" name="afterTest" is-config="true" duration-ms="0" started-at="2015-04-19T19:57:24Z" finished-at="2015-04-19T19:57:24Z">
        </test-method>
        <test-method status="PASS" signature="afterSuite()" name="afterSuite" is-config="true" duration-ms="1" started-at="2015-04-19T19:57:24Z" finished-at="2015-04-19T19:57:24Z">
        </test-method>
      </class>
    </test>
  </suite>
</testng-results>
